<?xml version="1.0" encoding="UTF-8"?>
<!-- Generated by org.testng.reporters.JUnitXMLReporter -->
<testsuite ignored="2" hostname="nothing" failures="0" tests="3" name="chromeTest" time="40.416" errors="0" timestamp="2021-07-20T17:53:03 IST">
  <testcase classname="Sanity.TU01_TC_01" name="VerifyThePortal" time="0.051"/>
  <testcase classname="Sanity.TU02_TC_01" name="TestSignUp" time="10.547"/>
  <testcase classname="Sanity.TU03_TC_01" name="TestVerifyLogin" time="0.045"/>
  <testcase classname="Sanity.Base" name="@BeforeTest report" time="0.0">
    <ignored/>
  </testcase> <!-- @BeforeTest report -->
  <testcase classname="Sanity.Base" name="@BeforeTest report" time="0.0">
    <ignored/>
  </testcase> <!-- @BeforeTest report -->
</testsuite> <!-- chromeTest -->
