<?xml version="1.0" encoding="UTF-8"?>
<!-- Generated by org.testng.reporters.JUnitXMLReporter -->
<testsuite ignored="5" hostname="nothing" failures="0" tests="6" name="chrome Test" time="185.317" errors="0" timestamp="2021-08-09T17:33:45 IST">
  <testcase classname="Sanity.TU01_TC_01" name="VerifyThePortal" time="0.041"/>
  <testcase classname="Sanity.TU02_TC_01" name="TestSignUp" time="13.269"/>
  <testcase classname="Sanity.TU03_TC_01" name="TestVerifyLogin" time="6.743"/>
  <testcase classname="Sanity.TU08_TC_02" name="HomPage" time="33.411"/>
  <testcase classname="Sanity.TU09_TC_01" name="SearchPage" time="46.895"/>
  <testcase classname="Sanity.TU11_TC_01" name="TestHotelPage" time="41.41"/>
  <testcase classname="Header_Base.Base" name="@BeforeTest report" time="0.0">
    <ignored/>
  </testcase> <!-- @BeforeTest report -->
  <testcase classname="Header_Base.Base" name="@BeforeTest report" time="0.0">
    <ignored/>
  </testcase> <!-- @BeforeTest report -->
  <testcase classname="Header_Base.Base" name="@BeforeTest report" time="0.0">
    <ignored/>
  </testcase> <!-- @BeforeTest report -->
  <testcase classname="Header_Base.Base" name="@BeforeTest report" time="0.0">
    <ignored/>
  </testcase> <!-- @BeforeTest report -->
  <testcase classname="Header_Base.Base" name="@BeforeTest report" time="0.0">
    <ignored/>
  </testcase> <!-- @BeforeTest report -->
</testsuite> <!-- chrome Test -->
