<?xml version="1.0" encoding="UTF-8"?>
<!-- Generated by org.testng.reporters.JUnitXMLReporter -->
<testsuite ignored="5" hostname="nothing" failures="0" tests="6" name="chrome Test" time="175.741" errors="0" timestamp="2021-07-30T12:17:10 IST">
  <testcase classname="Sanity.TU01_TC_01" name="VerifyThePortal" time="0.038"/>
  <testcase classname="Sanity.TU02_TC_01" name="TestSignUp" time="13.325"/>
  <testcase classname="Sanity.TU03_TC_01" name="TestVerifyLogin" time="6.834"/>
  <testcase classname="Sanity.TU08_TC_02" name="HomPage" time="31.496"/>
  <testcase classname="Sanity.TU09_TC_01" name="SearchPage" time="37.071"/>
  <testcase classname="Sanity.TU11_TC_01" name="TestHotelPage" time="44.588"/>
  <testcase classname="Sanity.Base" name="@BeforeTest report" time="0.0">
    <ignored/>
  </testcase> <!-- @BeforeTest report -->
  <testcase classname="Sanity.Base" name="@BeforeTest report" time="0.0">
    <ignored/>
  </testcase> <!-- @BeforeTest report -->
  <testcase classname="Sanity.Base" name="@BeforeTest report" time="0.0">
    <ignored/>
  </testcase> <!-- @BeforeTest report -->
  <testcase classname="Sanity.Base" name="@BeforeTest report" time="0.0">
    <ignored/>
  </testcase> <!-- @BeforeTest report -->
  <testcase classname="Sanity.Base" name="@BeforeTest report" time="0.0">
    <ignored/>
  </testcase> <!-- @BeforeTest report -->
</testsuite> <!-- chrome Test -->
