<?xml version="1.0" encoding="UTF-8"?>
<!-- Generated by org.testng.reporters.JUnitXMLReporter -->
<testsuite ignored="5" hostname="nothing" failures="0" tests="6" name="firefox Test" time="218.906" errors="0" timestamp="2021-08-05T11:46:20 IST">
  <testcase classname="Sanity.TU01_TC_01" name="VerifyThePortal" time="0.005"/>
  <testcase classname="Sanity.TU02_TC_01" name="TestSignUp" time="13.139"/>
  <testcase classname="Sanity.TU03_TC_01" name="TestVerifyLogin" time="7.094"/>
  <testcase classname="Sanity.TU08_TC_02" name="HomPage" time="37.837"/>
  <testcase classname="Sanity.TU09_TC_01" name="SearchPage" time="46.188"/>
  <testcase classname="Sanity.TU11_TC_01" name="TestHotelPage" time="51.173"/>
  <testcase classname="Sanity.Base" name="@BeforeTest report" time="0.0">
    <ignored/>
  </testcase> <!-- @BeforeTest report -->
  <testcase classname="Sanity.Base" name="@BeforeTest report" time="0.0">
    <ignored/>
  </testcase> <!-- @BeforeTest report -->
  <testcase classname="Sanity.Base" name="@BeforeTest report" time="0.0">
    <ignored/>
  </testcase> <!-- @BeforeTest report -->
  <testcase classname="Sanity.Base" name="@BeforeTest report" time="0.0">
    <ignored/>
  </testcase> <!-- @BeforeTest report -->
  <testcase classname="Sanity.Base" name="@BeforeTest report" time="0.0">
    <ignored/>
  </testcase> <!-- @BeforeTest report -->
</testsuite> <!-- firefox Test -->
