<?xml version="1.0" encoding="UTF-8"?>
<!-- Generated by org.testng.reporters.JUnitXMLReporter -->
<testsuite ignored="4" hostname="nothing" failures="0" tests="5" name="Firefox Test" time="143.09" errors="0" timestamp="2021-07-22T12:51:36 IST">
  <testcase classname="Sanity.TU01_TC_01" name="VerifyThePortal" time="0.005"/>
  <testcase classname="Sanity.TU02_TC_01" name="TestSignUp" time="9.864"/>
  <testcase classname="Sanity.TU03_TC_01" name="TestVerifyLogin" time="5.869"/>
  <testcase classname="Sanity.TU08_TC_02" name="HomPage" time="34.639"/>
  <testcase classname="Sanity.TU09_TC_01" name="SearchPage" time="38.903"/>
  <testcase classname="Sanity.Base" name="@BeforeTest report" time="0.0">
    <ignored/>
  </testcase> <!-- @BeforeTest report -->
  <testcase classname="Sanity.Base" name="@BeforeTest report" time="0.0">
    <ignored/>
  </testcase> <!-- @BeforeTest report -->
  <testcase classname="Sanity.Base" name="@BeforeTest report" time="0.0">
    <ignored/>
  </testcase> <!-- @BeforeTest report -->
  <testcase classname="Sanity.Base" name="@BeforeTest report" time="0.0">
    <ignored/>
  </testcase> <!-- @BeforeTest report -->
</testsuite> <!-- Firefox Test -->
