<?xml version="1.0" encoding="UTF-8"?>
<!-- Generated by org.testng.reporters.JUnitXMLReporter -->
<testsuite ignored="5" hostname="nothing" failures="0" tests="6" name="FireFox Test" time="207.142" errors="0" timestamp="2021-08-09T17:37:12 IST">
  <testcase classname="Sanity.TU01_TC_01" name="VerifyThePortal" time="0.004"/>
  <testcase classname="Sanity.TU02_TC_01" name="TestSignUp" time="13.015"/>
  <testcase classname="Sanity.TU03_TC_01" name="TestVerifyLogin" time="6.996"/>
  <testcase classname="Sanity.TU08_TC_02" name="HomPage" time="36.041"/>
  <testcase classname="Sanity.TU09_TC_01" name="SearchPage" time="43.007"/>
  <testcase classname="Sanity.TU11_TC_01" name="TestHotelPage" time="45.6"/>
  <testcase classname="Header_Base.Base" name="@BeforeTest report" time="0.0">
    <ignored/>
  </testcase> <!-- @BeforeTest report -->
  <testcase classname="Header_Base.Base" name="@BeforeTest report" time="0.0">
    <ignored/>
  </testcase> <!-- @BeforeTest report -->
  <testcase classname="Header_Base.Base" name="@BeforeTest report" time="0.0">
    <ignored/>
  </testcase> <!-- @BeforeTest report -->
  <testcase classname="Header_Base.Base" name="@BeforeTest report" time="0.0">
    <ignored/>
  </testcase> <!-- @BeforeTest report -->
  <testcase classname="Header_Base.Base" name="@BeforeTest report" time="0.0">
    <ignored/>
  </testcase> <!-- @BeforeTest report -->
</testsuite> <!-- FireFox Test -->
