<?xml version="1.0" encoding="UTF-8"?>
<!-- Generated by org.testng.reporters.JUnitXMLReporter -->
<testsuite ignored="4" hostname="nothing" failures="0" tests="5" name="Test" time="592.041" errors="0" timestamp="2021-05-12T18:55:11 IST">
  <testcase classname="TestCases.TU2_TC_01" name="TestSignUp" time="13.938"/>
  <testcase classname="TestCases.TU3_TC_01" name="TestLogin" time="10.072"/>
  <testcase classname="TestCases.TU4_TC_01" name="TestSupport" time="0.87"/>
  <testcase classname="TestCases.TU8_TC_05" name="TestDestination" time="25.474"/>
  <testcase classname="TestCases.TU9_TC_01" name="TestSelectHotel" time="439.521"/>
  <testcase classname="TestCases.Base" name="@BeforeTest report" time="0.0">
    <ignored/>
  </testcase> <!-- @BeforeTest report -->
  <testcase classname="TestCases.Base" name="@BeforeTest report" time="0.0">
    <ignored/>
  </testcase> <!-- @BeforeTest report -->
  <testcase classname="TestCases.Base" name="@BeforeTest report" time="0.0">
    <ignored/>
  </testcase> <!-- @BeforeTest report -->
  <testcase classname="TestCases.Base" name="@BeforeTest report" time="0.0">
    <ignored/>
  </testcase> <!-- @BeforeTest report -->
</testsuite> <!-- Test -->
