<?xml version="1.0" encoding="UTF-8"?>
<!-- Generated by org.testng.reporters.JUnitXMLReporter -->
<testsuite ignored="6" hostname="DESKTOP-OB07HO0" failures="0" tests="5" name="Test" time="311.186" errors="0" timestamp="2021-05-28T09:32:46 IST">
  <testcase classname="TestCases.TU2_TC_01" name="TestSignUp" time="10.356"/>
  <testcase classname="TestCases.TU3_TC_01" name="TestLogin" time="5.704"/>
  <testcase classname="TestCases.TU4_TC_01" name="TestSupport" time="0.775"/>
  <testcase classname="TestCases.TU8_TC_05" name="TestDestination" time="44.128"/>
  <testcase classname="TestCases.HAC" name="TestHAC" time="51.929"/>
  <testcase classname="TestCases.Base" name="@BeforeTest report" time="0.0">
    <ignored/>
  </testcase> <!-- @BeforeTest report -->
  <testcase classname="TestCases.Base" name="@BeforeTest report" time="0.0">
    <ignored/>
  </testcase> <!-- @BeforeTest report -->
  <testcase classname="TestCases.Base" name="@BeforeTest report" time="0.0">
    <ignored/>
  </testcase> <!-- @BeforeTest report -->
  <testcase classname="TestCases.Base" name="@BeforeTest report" time="0.0">
    <ignored/>
  </testcase> <!-- @BeforeTest report -->
  <testcase classname="TestCases.Base" name="@BeforeTest report" time="0.0">
    <ignored/>
  </testcase> <!-- @BeforeTest report -->
  <testcase classname="TestCases.Base" name="@BeforeTest report" time="0.0">
    <ignored/>
  </testcase> <!-- @BeforeTest report -->
</testsuite> <!-- Test -->
