<?xml version="1.0" encoding="UTF-8"?>
<!-- Generated by org.testng.reporters.JUnitXMLReporter -->
<testsuite ignored="5" hostname="nothing" failures="0" tests="6" name="Test" time="167.769" errors="0" timestamp="2021-07-15T16:31:21 IST">
  <testcase classname="Sanity.TU01_TC_01" name="VerifyThePortal" time="0.065"/>
  <testcase classname="Sanity.TU02_TC_01" name="TestSignUp" time="2.398"/>
  <testcase classname="Sanity.TU03_TC_01" name="TestVerifyLogin" time="5.005"/>
  <testcase classname="Sanity.TU08_TC_02" name="HomPage" time="27.084"/>
  <testcase classname="Sanity.TU09_TC_01" name="SearchPage" time="34.612"/>
  <testcase classname="Sanity.TU11_TC_01" name="TestHotelPage" time="55.204"/>
  <testcase classname="Sanity.Base" name="@BeforeTest report" time="0.0">
    <ignored/>
  </testcase> <!-- @BeforeTest report -->
  <testcase classname="Sanity.Base" name="@BeforeTest report" time="0.0">
    <ignored/>
  </testcase> <!-- @BeforeTest report -->
  <testcase classname="Sanity.Base" name="@BeforeTest report" time="0.0">
    <ignored/>
  </testcase> <!-- @BeforeTest report -->
  <testcase classname="Sanity.Base" name="@BeforeTest report" time="0.0">
    <ignored/>
  </testcase> <!-- @BeforeTest report -->
  <testcase classname="Sanity.Base" name="@BeforeTest report" time="0.0">
    <ignored/>
  </testcase> <!-- @BeforeTest report -->
</testsuite> <!-- Test -->
