<?xml version="1.0" encoding="UTF-8"?>
<!-- Generated by org.testng.reporters.JUnitXMLReporter -->
<testsuite ignored="5" hostname="nothing" failures="0" tests="6" name="Test" time="164.214" errors="0" timestamp="2021-07-16T10:41:25 IST">
  <testcase classname="Sanity.TU01_TC_01" name="VerifyThePortal" time="0.048"/>
  <testcase classname="Sanity.TU02_TC_01" name="TestSignUp" time="10.125"/>
  <testcase classname="Sanity.TU03_TC_01" name="TestVerifyLogin" time="4.791"/>
  <testcase classname="Sanity.TU08_TC_02" name="HomPage" time="28.849"/>
  <testcase classname="Sanity.TU09_TC_01" name="SearchPage" time="32.344"/>
  <testcase classname="Sanity.TU11_TC_01" name="TestHotelPage" time="44.229"/>
  <testcase classname="Sanity.Base" name="@BeforeTest report" time="0.0">
    <ignored/>
  </testcase> <!-- @BeforeTest report -->
  <testcase classname="Sanity.Base" name="@BeforeTest report" time="0.0">
    <ignored/>
  </testcase> <!-- @BeforeTest report -->
  <testcase classname="Sanity.Base" name="@BeforeTest report" time="0.0">
    <ignored/>
  </testcase> <!-- @BeforeTest report -->
  <testcase classname="Sanity.Base" name="@BeforeTest report" time="0.0">
    <ignored/>
  </testcase> <!-- @BeforeTest report -->
  <testcase classname="Sanity.Base" name="@BeforeTest report" time="0.0">
    <ignored/>
  </testcase> <!-- @BeforeTest report -->
</testsuite> <!-- Test -->
