<?xml version="1.0" encoding="UTF-8"?>
<testng-results ignored="9" total="19" passed="10" failed="0" skipped="0">
  <reporter-output>
  </reporter-output>
  <suite started-at="2021-06-11T16:34:00 IST" name="Suite" finished-at="2021-06-11T17:00:01 IST" duration-ms="1560608">
    <groups>
    </groups>
    <test started-at="2021-06-11T16:34:00 IST" name="Test" finished-at="2021-06-11T17:00:01 IST" duration-ms="1560608">
      <class name="Booking_Flow.TU10_TC_09">
        <test-method is-config="true" signature="pre()[pri:0, instance:Booking_Flow.TU10_TC_09@212b5695]" started-at="2021-06-11T16:54:41 IST" name="pre" finished-at="2021-06-11T16:55:18 IST" duration-ms="36429" status="PASS">
          <reporter-output>
          </reporter-output>
        </test-method> <!-- pre -->
        <test-method signature="TestVerifyErrors()[pri:0, instance:Booking_Flow.TU10_TC_09@212b5695]" started-at="2021-06-11T16:55:18 IST" name="TestVerifyErrors" finished-at="2021-06-11T16:57:37 IST" duration-ms="139924" status="PASS">
          <reporter-output>
          </reporter-output>
        </test-method> <!-- TestVerifyErrors -->
        <test-method is-config="true" signature="peerdown()[pri:0, instance:Booking_Flow.TU10_TC_09@212b5695]" started-at="2021-06-11T16:57:37 IST" name="peerdown" finished-at="2021-06-11T16:57:41 IST" duration-ms="3355" status="PASS">
          <reporter-output>
          </reporter-output>
        </test-method> <!-- peerdown -->
      </class> <!-- Booking_Flow.TU10_TC_09 -->
      <class name="Booking_Flow.TU10_TC_06">
        <test-method is-config="true" signature="pre()[pri:0, instance:Booking_Flow.TU10_TC_06@932bc4a]" started-at="2021-06-11T16:49:04 IST" name="pre" finished-at="2021-06-11T16:49:15 IST" duration-ms="10800" status="PASS">
          <reporter-output>
          </reporter-output>
        </test-method> <!-- pre -->
        <test-method signature="TestVerifyErrors()[pri:0, instance:Booking_Flow.TU10_TC_06@932bc4a]" started-at="2021-06-11T16:49:15 IST" name="TestVerifyErrors" finished-at="2021-06-11T16:51:01 IST" duration-ms="105892" status="PASS">
          <reporter-output>
          </reporter-output>
        </test-method> <!-- TestVerifyErrors -->
        <test-method is-config="true" signature="peerdown()[pri:0, instance:Booking_Flow.TU10_TC_06@932bc4a]" started-at="2021-06-11T16:51:01 IST" name="peerdown" finished-at="2021-06-11T16:51:03 IST" duration-ms="1512" status="PASS">
          <reporter-output>
          </reporter-output>
        </test-method> <!-- peerdown -->
      </class> <!-- Booking_Flow.TU10_TC_06 -->
      <class name="Booking_Flow.TU10_TC_05">
        <test-method is-config="true" signature="pre()[pri:0, instance:Booking_Flow.TU10_TC_05@6bedbc4d]" started-at="2021-06-11T16:47:17 IST" name="pre" finished-at="2021-06-11T16:47:28 IST" duration-ms="10295" status="PASS">
          <reporter-output>
          </reporter-output>
        </test-method> <!-- pre -->
        <test-method signature="TestVerifyErrors()[pri:0, instance:Booking_Flow.TU10_TC_05@6bedbc4d]" started-at="2021-06-11T16:47:28 IST" name="TestVerifyErrors" finished-at="2021-06-11T16:49:03 IST" duration-ms="95145" status="PASS">
          <reporter-output>
          </reporter-output>
        </test-method> <!-- TestVerifyErrors -->
        <test-method is-config="true" signature="peerdown()[pri:0, instance:Booking_Flow.TU10_TC_05@6bedbc4d]" started-at="2021-06-11T16:49:03 IST" name="peerdown" finished-at="2021-06-11T16:49:04 IST" duration-ms="1543" status="PASS">
          <reporter-output>
          </reporter-output>
        </test-method> <!-- peerdown -->
      </class> <!-- Booking_Flow.TU10_TC_05 -->
      <class name="Booking_Flow.TU10_TC_08">
        <test-method is-config="true" signature="pre()[pri:0, instance:Booking_Flow.TU10_TC_08@3514a4c0]" started-at="2021-06-11T16:53:07 IST" name="pre" finished-at="2021-06-11T16:53:23 IST" duration-ms="16124" status="PASS">
          <reporter-output>
          </reporter-output>
        </test-method> <!-- pre -->
        <test-method signature="TestvrifyErrors()[pri:0, instance:Booking_Flow.TU10_TC_08@3514a4c0]" started-at="2021-06-11T16:53:23 IST" name="TestvrifyErrors" finished-at="2021-06-11T16:54:39 IST" duration-ms="75729" status="PASS">
          <reporter-output>
          </reporter-output>
        </test-method> <!-- TestvrifyErrors -->
        <test-method is-config="true" signature="peerdown()[pri:0, instance:Booking_Flow.TU10_TC_08@3514a4c0]" started-at="2021-06-11T16:54:39 IST" name="peerdown" finished-at="2021-06-11T16:54:41 IST" duration-ms="2543" status="PASS">
          <reporter-output>
          </reporter-output>
        </test-method> <!-- peerdown -->
      </class> <!-- Booking_Flow.TU10_TC_08 -->
      <class name="Booking_Flow.TU10_TC_07">
        <test-method is-config="true" signature="pre()[pri:0, instance:Booking_Flow.TU10_TC_07@d29f28]" started-at="2021-06-11T16:51:03 IST" name="pre" finished-at="2021-06-11T16:51:36 IST" duration-ms="33468" status="PASS">
          <reporter-output>
          </reporter-output>
        </test-method> <!-- pre -->
        <test-method signature="TestErrorvalidation()[pri:0, instance:Booking_Flow.TU10_TC_07@d29f28]" started-at="2021-06-11T16:51:36 IST" name="TestErrorvalidation" finished-at="2021-06-11T16:53:05 IST" duration-ms="89353" status="PASS">
          <reporter-output>
          </reporter-output>
        </test-method> <!-- TestErrorvalidation -->
        <test-method is-config="true" signature="peerdown()[pri:0, instance:Booking_Flow.TU10_TC_07@d29f28]" started-at="2021-06-11T16:53:05 IST" name="peerdown" finished-at="2021-06-11T16:53:07 IST" duration-ms="1257" status="PASS">
          <reporter-output>
          </reporter-output>
        </test-method> <!-- peerdown -->
      </class> <!-- Booking_Flow.TU10_TC_07 -->
      <class name="Booking_Flow.TU10_TC_02">
        <test-method is-config="true" signature="pre()[pri:0, instance:Booking_Flow.TU10_TC_02@193f604a]" started-at="2021-06-11T16:36:02 IST" name="pre" finished-at="2021-06-11T16:36:13 IST" duration-ms="11381" status="PASS">
          <reporter-output>
          </reporter-output>
        </test-method> <!-- pre -->
        <test-method signature="TestSelectHotel()[pri:0, instance:Booking_Flow.TU10_TC_02@193f604a]" started-at="2021-06-11T16:36:13 IST" name="TestSelectHotel" finished-at="2021-06-11T16:43:33 IST" duration-ms="439538" status="PASS">
          <reporter-output>
          </reporter-output>
        </test-method> <!-- TestSelectHotel -->
        <test-method is-config="true" signature="peerdown()[pri:0, instance:Booking_Flow.TU10_TC_02@193f604a]" started-at="2021-06-11T16:43:33 IST" name="peerdown" finished-at="2021-06-11T16:43:35 IST" duration-ms="1782" status="PASS">
          <reporter-output>
          </reporter-output>
        </test-method> <!-- peerdown -->
      </class> <!-- Booking_Flow.TU10_TC_02 -->
      <class name="Booking_Flow.TU10_TC_01">
        <test-method is-config="true" signature="report()[pri:0, instance:Booking_Flow.TU10_TC_01@15bbf42f]" started-at="2021-06-11T16:34:00 IST" name="report" finished-at="2021-06-11T16:34:01 IST" duration-ms="1337" status="PASS">
          <reporter-output>
          </reporter-output>
        </test-method> <!-- report -->
        <test-method is-config="true" signature="pre()[pri:0, instance:Booking_Flow.TU10_TC_01@15bbf42f]" started-at="2021-06-11T16:34:01 IST" name="pre" finished-at="2021-06-11T16:34:21 IST" duration-ms="19158" status="PASS">
          <reporter-output>
          </reporter-output>
        </test-method> <!-- pre -->
        <test-method signature="VerifyErrors()[pri:0, instance:Booking_Flow.TU10_TC_01@15bbf42f]" started-at="2021-06-11T16:34:21 IST" name="VerifyErrors" finished-at="2021-06-11T16:35:47 IST" duration-ms="86918" status="PASS">
          <reporter-output>
          </reporter-output>
        </test-method> <!-- VerifyErrors -->
        <test-method is-config="true" signature="peerdown()[pri:0, instance:Booking_Flow.TU10_TC_01@15bbf42f]" started-at="2021-06-11T16:35:47 IST" name="peerdown" finished-at="2021-06-11T16:36:02 IST" duration-ms="14432" status="PASS">
          <reporter-output>
          </reporter-output>
        </test-method> <!-- peerdown -->
      </class> <!-- Booking_Flow.TU10_TC_01 -->
      <class name="Booking_Flow.TU10_TC_04">
        <test-method is-config="true" signature="pre()[pri:0, instance:Booking_Flow.TU10_TC_04@57af006c]" started-at="2021-06-11T16:45:16 IST" name="pre" finished-at="2021-06-11T16:45:50 IST" duration-ms="33795" status="PASS">
          <reporter-output>
          </reporter-output>
        </test-method> <!-- pre -->
        <test-method signature="TestVerifyErrors()[pri:0, instance:Booking_Flow.TU10_TC_04@57af006c]" started-at="2021-06-11T16:45:50 IST" name="TestVerifyErrors" finished-at="2021-06-11T16:47:16 IST" duration-ms="86256" status="PASS">
          <reporter-output>
          </reporter-output>
        </test-method> <!-- TestVerifyErrors -->
        <test-method is-config="true" signature="peerdown()[pri:0, instance:Booking_Flow.TU10_TC_04@57af006c]" started-at="2021-06-11T16:47:16 IST" name="peerdown" finished-at="2021-06-11T16:47:17 IST" duration-ms="1472" status="PASS">
          <reporter-output>
          </reporter-output>
        </test-method> <!-- peerdown -->
      </class> <!-- Booking_Flow.TU10_TC_04 -->
      <class name="Booking_Flow.TU10_TC_03">
        <test-method is-config="true" signature="pre()[pri:0, instance:Booking_Flow.TU10_TC_03@20f5239f]" started-at="2021-06-11T16:43:35 IST" name="pre" finished-at="2021-06-11T16:44:00 IST" duration-ms="25740" status="PASS">
          <reporter-output>
          </reporter-output>
        </test-method> <!-- pre -->
        <test-method signature="TestVerifyErrors()[pri:0, instance:Booking_Flow.TU10_TC_03@20f5239f]" started-at="2021-06-11T16:44:00 IST" name="TestVerifyErrors" finished-at="2021-06-11T16:45:14 IST" duration-ms="73800" status="PASS">
          <reporter-output>
          </reporter-output>
        </test-method> <!-- TestVerifyErrors -->
        <test-method is-config="true" signature="peerdown()[pri:0, instance:Booking_Flow.TU10_TC_03@20f5239f]" started-at="2021-06-11T16:45:14 IST" name="peerdown" finished-at="2021-06-11T16:45:16 IST" duration-ms="1810" status="PASS">
          <reporter-output>
          </reporter-output>
        </test-method> <!-- peerdown -->
      </class> <!-- Booking_Flow.TU10_TC_03 -->
      <class name="Booking_Flow.TU10_TC_10">
        <test-method is-config="true" signature="pre()[pri:0, instance:Booking_Flow.TU10_TC_10@446293d]" started-at="2021-06-11T16:57:41 IST" name="pre" finished-at="2021-06-11T16:58:11 IST" duration-ms="30203" status="PASS">
          <reporter-output>
          </reporter-output>
        </test-method> <!-- pre -->
        <test-method signature="TestVerifyErrors()[pri:0, instance:Booking_Flow.TU10_TC_10@446293d]" started-at="2021-06-11T16:58:11 IST" name="TestVerifyErrors" finished-at="2021-06-11T16:59:59 IST" duration-ms="108215" status="PASS">
          <reporter-output>
          </reporter-output>
        </test-method> <!-- TestVerifyErrors -->
        <test-method is-config="true" signature="peerdown()[pri:0, instance:Booking_Flow.TU10_TC_10@446293d]" started-at="2021-06-11T16:59:59 IST" name="peerdown" finished-at="2021-06-11T17:00:01 IST" duration-ms="1322" status="PASS">
          <reporter-output>
          </reporter-output>
        </test-method> <!-- peerdown -->
      </class> <!-- Booking_Flow.TU10_TC_10 -->
    </test> <!-- Test -->
  </suite> <!-- Suite -->
</testng-results>
