<?xml version="1.0" encoding="UTF-8"?>
<testng-results ignored="4" total="9" passed="5" failed="0" skipped="0">
  <reporter-output>
  </reporter-output>
  <suite started-at="2021-05-27T14:42:06 IST" name="Suite" finished-at="2021-05-27T14:50:39 IST" duration-ms="512684">
    <groups>
    </groups>
    <test started-at="2021-05-27T14:42:06 IST" name="Test" finished-at="2021-05-27T14:50:39 IST" duration-ms="512684">
      <class name="TestCases.TU9_TC_01">
        <test-method is-config="true" signature="pre()[pri:0, instance:TestCases.TU9_TC_01@60d8c9b7]" started-at="2021-05-27T14:44:28 IST" name="pre" finished-at="2021-05-27T14:44:46 IST" duration-ms="17708" status="PASS">
          <reporter-output>
          </reporter-output>
        </test-method> <!-- pre -->
        <test-method signature="TestSelectHotel()[pri:0, instance:TestCases.TU9_TC_01@60d8c9b7]" started-at="2021-05-27T14:44:46 IST" name="TestSelectHotel" finished-at="2021-05-27T14:50:38 IST" duration-ms="352182" status="PASS">
          <reporter-output>
          </reporter-output>
        </test-method> <!-- TestSelectHotel -->
        <test-method is-config="true" signature="peerdown()[pri:0, instance:TestCases.TU9_TC_01@60d8c9b7]" started-at="2021-05-27T14:50:38 IST" name="peerdown" finished-at="2021-05-27T14:50:39 IST" duration-ms="568" status="PASS">
          <reporter-output>
          </reporter-output>
        </test-method> <!-- peerdown -->
      </class> <!-- TestCases.TU9_TC_01 -->
      <class name="TestCases.TU3_TC_01">
        <test-method is-config="true" signature="pre()[pri:0, instance:TestCases.TU3_TC_01@3cc2931c]" started-at="2021-05-27T14:42:42 IST" name="pre" finished-at="2021-05-27T14:43:08 IST" duration-ms="25958" status="PASS">
          <reporter-output>
          </reporter-output>
        </test-method> <!-- pre -->
        <test-method signature="TestLogin()[pri:0, instance:TestCases.TU3_TC_01@3cc2931c]" started-at="2021-05-27T14:43:08 IST" name="TestLogin" finished-at="2021-05-27T14:43:13 IST" duration-ms="5170" status="PASS">
          <reporter-output>
          </reporter-output>
        </test-method> <!-- TestLogin -->
        <test-method is-config="true" signature="peerdown()[pri:0, instance:TestCases.TU3_TC_01@3cc2931c]" started-at="2021-05-27T14:43:13 IST" name="peerdown" finished-at="2021-05-27T14:43:13 IST" duration-ms="467" status="PASS">
          <reporter-output>
          </reporter-output>
        </test-method> <!-- peerdown -->
      </class> <!-- TestCases.TU3_TC_01 -->
      <class name="TestCases.TU4_TC_01">
        <test-method is-config="true" signature="pre()[pri:0, instance:TestCases.TU4_TC_01@20d28811]" started-at="2021-05-27T14:43:13 IST" name="pre" finished-at="2021-05-27T14:43:34 IST" duration-ms="20949" status="PASS">
          <reporter-output>
          </reporter-output>
        </test-method> <!-- pre -->
        <test-method signature="TestSupport()[pri:0, instance:TestCases.TU4_TC_01@20d28811]" started-at="2021-05-27T14:43:34 IST" name="TestSupport" finished-at="2021-05-27T14:43:39 IST" duration-ms="4736" status="PASS">
          <reporter-output>
          </reporter-output>
        </test-method> <!-- TestSupport -->
        <test-method is-config="true" signature="peerdown()[pri:0, instance:TestCases.TU4_TC_01@20d28811]" started-at="2021-05-27T14:43:39 IST" name="peerdown" finished-at="2021-05-27T14:43:39 IST" duration-ms="308" status="PASS">
          <reporter-output>
          </reporter-output>
        </test-method> <!-- peerdown -->
      </class> <!-- TestCases.TU4_TC_01 -->
      <class name="TestCases.TU8_TC_05">
        <test-method is-config="true" signature="pre()[pri:0, instance:TestCases.TU8_TC_05@3967e60c]" started-at="2021-05-27T14:43:39 IST" name="pre" finished-at="2021-05-27T14:44:14 IST" duration-ms="34523" status="PASS">
          <reporter-output>
          </reporter-output>
        </test-method> <!-- pre -->
        <test-method signature="TestDestination()[pri:0, instance:TestCases.TU8_TC_05@3967e60c]" started-at="2021-05-27T14:44:14 IST" name="TestDestination" finished-at="2021-05-27T14:44:28 IST" duration-ms="13931" status="PASS">
          <reporter-output>
          </reporter-output>
        </test-method> <!-- TestDestination -->
        <test-method is-config="true" signature="peerdown()[pri:0, instance:TestCases.TU8_TC_05@3967e60c]" started-at="2021-05-27T14:44:28 IST" name="peerdown" finished-at="2021-05-27T14:44:28 IST" duration-ms="381" status="PASS">
          <reporter-output>
          </reporter-output>
        </test-method> <!-- peerdown -->
      </class> <!-- TestCases.TU8_TC_05 -->
      <class name="TestCases.TU2_TC_01">
        <test-method is-config="true" signature="report()[pri:0, instance:TestCases.TU2_TC_01@59d016c9]" started-at="2021-05-27T14:42:06 IST" name="report" finished-at="2021-05-27T14:42:06 IST" duration-ms="205" status="PASS">
          <reporter-output>
          </reporter-output>
        </test-method> <!-- report -->
        <test-method is-config="true" signature="pre()[pri:0, instance:TestCases.TU2_TC_01@59d016c9]" started-at="2021-05-27T14:42:06 IST" name="pre" finished-at="2021-05-27T14:42:31 IST" duration-ms="24468" status="PASS">
          <reporter-output>
          </reporter-output>
        </test-method> <!-- pre -->
        <test-method signature="TestSignUp()[pri:0, instance:TestCases.TU2_TC_01@59d016c9]" started-at="2021-05-27T14:42:31 IST" name="TestSignUp" finished-at="2021-05-27T14:42:41 IST" duration-ms="10222" status="PASS">
          <reporter-output>
          </reporter-output>
        </test-method> <!-- TestSignUp -->
        <test-method is-config="true" signature="peerdown()[pri:0, instance:TestCases.TU2_TC_01@59d016c9]" started-at="2021-05-27T14:42:41 IST" name="peerdown" finished-at="2021-05-27T14:42:42 IST" duration-ms="842" status="PASS">
          <reporter-output>
          </reporter-output>
        </test-method> <!-- peerdown -->
      </class> <!-- TestCases.TU2_TC_01 -->
    </test> <!-- Test -->
  </suite> <!-- Suite -->
</testng-results>
