<?xml version="1.0" encoding="UTF-8"?>
<testng-results ignored="0" total="1" passed="1" failed="0" skipped="0">
  <reporter-output>
  </reporter-output>
  <suite started-at="2021-06-16T18:44:47 IST" name="Default suite" finished-at="2021-06-16T18:45:11 IST" duration-ms="24450">
    <groups>
    </groups>
    <test started-at="2021-06-16T18:44:47 IST" name="Default test" finished-at="2021-06-16T18:45:11 IST" duration-ms="24450">
      <class name="Signup.TU02_TC_05">
        <test-method is-config="true" signature="report()[pri:0, instance:Signup.TU02_TC_05@778d1062]" started-at="2021-06-16T18:44:47 IST" name="report" finished-at="2021-06-16T18:44:47 IST" duration-ms="304" status="PASS">
          <reporter-output>
          </reporter-output>
        </test-method> <!-- report -->
        <test-method is-config="true" signature="pre()[pri:0, instance:Signup.TU02_TC_05@778d1062]" started-at="2021-06-16T18:44:47 IST" name="pre" finished-at="2021-06-16T18:45:01 IST" duration-ms="14325" status="PASS">
          <reporter-output>
          </reporter-output>
        </test-method> <!-- pre -->
        <test-method signature="TestVerifyErrors()[pri:0, instance:Signup.TU02_TC_05@778d1062]" started-at="2021-06-16T18:45:01 IST" name="TestVerifyErrors" finished-at="2021-06-16T18:45:11 IST" duration-ms="9334" status="PASS">
          <reporter-output>
          </reporter-output>
        </test-method> <!-- TestVerifyErrors -->
        <test-method is-config="true" signature="peerdown()[pri:0, instance:Signup.TU02_TC_05@778d1062]" started-at="2021-06-16T18:45:11 IST" name="peerdown" finished-at="2021-06-16T18:45:11 IST" duration-ms="430" status="PASS">
          <reporter-output>
          </reporter-output>
        </test-method> <!-- peerdown -->
      </class> <!-- Signup.TU02_TC_05 -->
    </test> <!-- Default test -->
  </suite> <!-- Default suite -->
</testng-results>
